SF:lib\src\model\appstartup\bloc\authentication_state.dart
DA:5,1
DA:6,1
LF:2
LH:2
end_of_record
SF:lib\src\model\appstartup\bloc\authentication_event.dart
DA:5,0
DA:6,0
DA:10,0
DA:15,1
DA:18,0
DA:19,0
DA:21,0
DA:22,0
DA:26,0
DA:31,1
DA:32,0
DA:33,0
LF:12
LH:2
end_of_record
SF:lib\src\model\appstartup\bloc\authentication_bloc.dart
DA:15,1
DA:16,0
DA:17,2
DA:21,0
DA:24,1
DA:27,1
DA:28,0
DA:31,0
DA:32,0
DA:34,0
DA:35,0
DA:38,1
DA:39,2
DA:40,3
DA:41,2
DA:43,1
DA:44,2
DA:45,3
DA:46,2
DA:47,2
DA:49,1
DA:50,2
DA:51,3
DA:52,2
LF:24
LH:17
end_of_record
SF:lib\src\model\repository\user_repository.dart
DA:15,0
DA:16,0
DA:17,0
DA:18,0
DA:22,0
DA:25,0
DA:32,0
DA:35,0
DA:40,0
DA:42,0
DA:45,0
DA:46,0
DA:49,0
DA:51,0
DA:53,0
DA:56,0
LF:16
LH:0
end_of_record
SF:lib\src\ui\presentation\starter\starter_app.dart
DA:6,1
DA:7,1
DA:9,1
DA:10,1
DA:11,2
LF:5
LH:5
end_of_record
SF:lib\gen\assets.gen.dart
DA:8,2
DA:10,0
DA:11,0
DA:12,1
DA:14,1
DA:16,1
DA:18,0
DA:19,0
DA:20,0
DA:21,0
DA:22,0
DA:23,0
DA:24,0
DA:25,0
DA:26,0
DA:27,0
DA:29,0
DA:30,0
DA:31,0
DA:32,0
DA:33,0
DA:38,0
DA:44,3
DA:46,1
DA:49,2
DA:69,2
DA:92,2
LF:27
LH:9
end_of_record
SF:lib\src\ui\global\widget\button.dart
DA:8,1
DA:10,1
DA:16,1
DA:18,1
DA:19,1
DA:20,1
DA:21,1
DA:24,1
DA:25,1
DA:26,2
DA:27,2
DA:28,1
DA:29,1
DA:30,1
DA:31,2
DA:36,0
DA:38,0
DA:39,0
DA:41,0
DA:43,0
DA:45,0
LF:21
LH:15
end_of_record
SF:lib\src\ui\presentation\splash\splash_view.dart
DA:13,1
DA:15,1
DA:17,1
DA:18,2
DA:19,1
DA:20,1
DA:21,1
DA:22,1
DA:24,3
DA:25,1
DA:27,1
DA:28,1
DA:30,2
DA:40,1
DA:41,0
DA:47,1
DA:48,0
LF:17
LH:15
end_of_record
SF:lib\gen\fonts.gen.dart
DA:7,0
LF:1
LH:0
end_of_record
SF:lib\src\ui\global\responsiveness\adaptive_sizes.dart
DA:13,1
DA:15,1
DA:16,2
DA:17,2
DA:18,2
DA:19,2
DA:20,1
DA:24,1
DA:26,1
DA:27,1
DA:30,1
DA:31,2
DA:32,1
DA:34,1
DA:37,0
DA:38,0
DA:41,1
DA:45,0
DA:49,0
DA:53,0
LF:20
LH:15
end_of_record
